<?xml version="1.0" encoding="UTF-8" ?>
<testsuite tests="17" failures="15" name="TestSuite" time="3.923" errors="0" skipped="0">
  <properties>
    <property name="java.runtime.name" value="Java(TM) SE Runtime Environment"/>
    <property name="sun.boot.library.path" value="/home/jakub/jdk1.8.0_65/jre/lib/amd64"/>
    <property name="java.vm.version" value="25.65-b01"/>
    <property name="java.vm.vendor" value="Oracle Corporation"/>
    <property name="java.vendor.url" value="http://java.oracle.com/"/>
    <property name="path.separator" value=":"/>
    <property name="guice.disable.misplaced.annotation.check" value="true"/>
    <property name="java.vm.name" value="Java HotSpot(TM) 64-Bit Server VM"/>
    <property name="file.encoding.pkg" value="sun.io"/>
    <property name="user.country" value="US"/>
    <property name="sun.java.launcher" value="SUN_STANDARD"/>
    <property name="sun.os.patch.level" value="unknown"/>
    <property name="java.vm.specification.name" value="Java Virtual Machine Specification"/>
    <property name="user.dir" value="/home/jakub/School/PA165/PA165_Project/WhiteTeamProject"/>
    <property name="java.runtime.version" value="1.8.0_65-b17"/>
    <property name="java.awt.graphicsenv" value="sun.awt.X11GraphicsEnvironment"/>
    <property name="java.endorsed.dirs" value="/home/jakub/jdk1.8.0_65/jre/lib/endorsed"/>
    <property name="os.arch" value="amd64"/>
    <property name="java.io.tmpdir" value="/tmp"/>
    <property name="line.separator" value="
"/>
    <property name="java.vm.specification.vendor" value="Oracle Corporation"/>
    <property name="os.name" value="Linux"/>
    <property name="maven.ext.class.path" value="/home/jakub/netbeans-8.0.2/java/maven-nblib/netbeans-eventspy.jar"/>
    <property name="classworlds.conf" value="/home/jakub/netbeans-8.0.2/java/maven/bin/m2.conf"/>
    <property name="sun.jnu.encoding" value="UTF-8"/>
    <property name="java.library.path" value="/home/jakub/jdk1.8.0_65/jre/lib/amd64:/home/jakub/jdk1.8.0_65/jre/lib/i386::/usr/java/packages/lib/amd64:/usr/lib64:/lib64:/lib:/usr/lib"/>
    <property name="java.specification.name" value="Java Platform API Specification"/>
    <property name="java.class.version" value="52.0"/>
    <property name="sun.management.compiler" value="HotSpot 64-Bit Tiered Compilers"/>
    <property name="os.version" value="3.19.0-31-generic"/>
    <property name="user.home" value="/home/jakub"/>
    <property name="user.timezone" value="Europe/Prague"/>
    <property name="java.awt.printerjob" value="sun.print.PSPrinterJob"/>
    <property name="file.encoding" value="UTF-8"/>
    <property name="java.specification.version" value="1.8"/>
    <property name="user.name" value="jakub"/>
    <property name="java.class.path" value="/home/jakub/netbeans-8.0.2/java/maven/boot/plexus-classworlds-2.4.jar"/>
    <property name="java.vm.specification.version" value="1.8"/>
    <property name="sun.arch.data.model" value="64"/>
    <property name="java.home" value="/home/jakub/jdk1.8.0_65/jre"/>
    <property name="sun.java.command" value="org.codehaus.plexus.classworlds.launcher.Launcher -Dmaven.ext.class.path=/home/jakub/netbeans-8.0.2/java/maven-nblib/netbeans-eventspy.jar clean install"/>
    <property name="java.specification.vendor" value="Oracle Corporation"/>
    <property name="user.language" value="en"/>
    <property name="awt.toolkit" value="sun.awt.X11.XToolkit"/>
    <property name="java.vm.info" value="mixed mode"/>
    <property name="java.version" value="1.8.0_65"/>
    <property name="java.ext.dirs" value="/home/jakub/jdk1.8.0_65/jre/lib/ext:/usr/java/packages/lib/ext"/>
    <property name="securerandom.source" value="file:/dev/./urandom"/>
    <property name="sun.boot.class.path" value="/home/jakub/jdk1.8.0_65/jre/lib/resources.jar:/home/jakub/jdk1.8.0_65/jre/lib/rt.jar:/home/jakub/jdk1.8.0_65/jre/lib/sunrsasign.jar:/home/jakub/jdk1.8.0_65/jre/lib/jsse.jar:/home/jakub/jdk1.8.0_65/jre/lib/jce.jar:/home/jakub/jdk1.8.0_65/jre/lib/charsets.jar:/home/jakub/jdk1.8.0_65/jre/lib/jfr.jar:/home/jakub/jdk1.8.0_65/jre/classes"/>
    <property name="java.vendor" value="Oracle Corporation"/>
    <property name="maven.home" value="/home/jakub/netbeans-8.0.2/java/maven"/>
    <property name="file.separator" value="/"/>
    <property name="java.vendor.url.bug" value="http://bugreport.sun.com/bugreport/"/>
    <property name="sun.cpu.endian" value="little"/>
    <property name="sun.io.unicode.encoding" value="UnicodeLittle"/>
    <property name="sun.desktop" value="gnome"/>
    <property name="sun.cpu.isalist" value=""/>
  </properties>
  <testcase classname="cz.muni.fi.pa165.project.DriveTest" name="createDrive" time="3.034">
    <failure message="could not execute statement" type="org.hibernate.exception.ConstraintViolationException">org.hibernate.exception.ConstraintViolationException: could not execute statement
	at org.hibernate.exception.internal.SQLStateConversionDelegate.convert(SQLStateConversionDelegate.java:129)
	at org.hibernate.exception.internal.StandardSQLExceptionConverter.convert(StandardSQLExceptionConverter.java:49)
	at org.hibernate.engine.jdbc.spi.SqlExceptionHelper.convert(SqlExceptionHelper.java:126)
	at org.hibernate.engine.jdbc.spi.SqlExceptionHelper.convert(SqlExceptionHelper.java:112)
	at org.hibernate.engine.jdbc.internal.ResultSetReturnImpl.executeUpdate(ResultSetReturnImpl.java:190)
	at org.hibernate.engine.jdbc.batch.internal.NonBatchingBatch.addToBatch(NonBatchingBatch.java:62)
	at org.hibernate.persister.entity.AbstractEntityPersister.update(AbstractEntityPersister.java:3281)
	at org.hibernate.persister.entity.AbstractEntityPersister.updateOrInsert(AbstractEntityPersister.java:3183)
	at org.hibernate.persister.entity.AbstractEntityPersister.update(AbstractEntityPersister.java:3525)
	at org.hibernate.action.internal.EntityUpdateAction.execute(EntityUpdateAction.java:159)
	at org.hibernate.engine.spi.ActionQueue.executeActions(ActionQueue.java:463)
	at org.hibernate.engine.spi.ActionQueue.executeActions(ActionQueue.java:349)
	at org.hibernate.event.internal.AbstractFlushingEventListener.performExecutions(AbstractFlushingEventListener.java:350)
	at org.hibernate.event.internal.DefaultFlushEventListener.onFlush(DefaultFlushEventListener.java:56)
	at org.hibernate.internal.SessionImpl.flush(SessionImpl.java:1222)
	at org.hibernate.internal.SessionImpl.managedFlush(SessionImpl.java:425)
	at org.hibernate.engine.transaction.internal.jdbc.JdbcTransaction.beforeTransactionCommit(JdbcTransaction.java:101)
	at org.hibernate.engine.transaction.spi.AbstractTransactionImpl.commit(AbstractTransactionImpl.java:177)
	at cz.muni.fi.pa165.project.dao.DriveDaoImpl.insertDrive(DriveDaoImpl.java:106)
	at cz.muni.fi.pa165.project.DriveTest.createDrive(DriveTest.java:69)
Caused by: org.h2.jdbc.JdbcSQLException: Referential integrity constraint violation: &quot;FK_OWWY85BVXT5QJTV6YV86GGXFX: PUBLIC.DRIVE FOREIGN KEY(VEHICLE_VIN) REFERENCES PUBLIC.VEHICLE(VIN) (&apos;REWGF69849SADF&apos;)&quot;; SQL statement:
update Drive set employee_id=?, end_date=?, km=?, start_date=?, state=?, vehicle_vin=? where id=? [23506-189]
	at org.h2.message.DbException.getJdbcSQLException(DbException.java:345)
	at org.h2.message.DbException.get(DbException.java:179)
	at org.h2.message.DbException.get(DbException.java:155)
	at org.h2.constraint.ConstraintReferential.checkRowOwnTable(ConstraintReferential.java:372)
	at org.h2.constraint.ConstraintReferential.checkRow(ConstraintReferential.java:314)
	at org.h2.table.Table.fireConstraints(Table.java:920)
	at org.h2.table.Table.fireAfterRow(Table.java:938)
	at org.h2.command.dml.Update.update(Update.java:151)
	at org.h2.command.CommandContainer.update(CommandContainer.java:78)
	at org.h2.command.Command.executeUpdate(Command.java:253)
	at org.h2.jdbc.JdbcPreparedStatement.executeUpdateInternal(JdbcPreparedStatement.java:157)
	at org.h2.jdbc.JdbcPreparedStatement.executeUpdate(JdbcPreparedStatement.java:143)
	at org.hibernate.engine.jdbc.internal.ResultSetReturnImpl.executeUpdate(ResultSetReturnImpl.java:187)
	... 49 more
</failure>
    <system-out>Hibernate: insert into Employee (id, category, credit, email, firstname, lastname, phoneNumber, role) values (null, ?, ?, ?, ?, ?, ?, ?)
Hibernate: insert into vehicle (brand, engine_type, max_mileage, mileage, model, service_check_interval, type, year_of_production, vin) values (?, ?, ?, ?, ?, ?, ?, ?, ?)
Hibernate: select vehicle_.vin, vehicle_.brand as brand2_3_, vehicle_.engine_type as engine_t3_3_, vehicle_.max_mileage as max_mile4_3_, vehicle_.mileage as mileage5_3_, vehicle_.model as model6_3_, vehicle_.service_check_interval as service_7_3_, vehicle_.type as type8_3_, vehicle_.year_of_production as year_of_9_3_ from vehicle vehicle_ where vehicle_.vin=?
Hibernate: insert into Drive (id, employee_id, end_date, km, start_date, state, vehicle_vin) values (null, ?, ?, ?, ?, ?, ?)
Hibernate: select vehicle_.vin, vehicle_.brand as brand2_3_, vehicle_.engine_type as engine_t3_3_, vehicle_.max_mileage as max_mile4_3_, vehicle_.mileage as mileage5_3_, vehicle_.model as model6_3_, vehicle_.service_check_interval as service_7_3_, vehicle_.type as type8_3_, vehicle_.year_of_production as year_of_9_3_ from vehicle vehicle_ where vehicle_.vin=?
Hibernate: insert into Drive (id, employee_id, end_date, km, start_date, state, vehicle_vin) values (null, ?, ?, ?, ?, ?, ?)
Hibernate: update Drive set employee_id=?, end_date=?, km=?, start_date=?, state=?, vehicle_vin=? where id=?
</system-out>
    <system-err>Oct 30, 2015 10:30:49 PM org.hibernate.annotations.common.reflection.java.JavaReflectionManager &lt;clinit&gt;
INFO: HCANN000001: Hibernate Commons Annotations {4.0.4.Final}
Oct 30, 2015 10:30:49 PM org.hibernate.Version logVersion
INFO: HHH000412: Hibernate Core {4.3.5.Final}
Oct 30, 2015 10:30:49 PM org.hibernate.cfg.Environment &lt;clinit&gt;
INFO: HHH000206: hibernate.properties not found
Oct 30, 2015 10:30:49 PM org.hibernate.cfg.Environment buildBytecodeProvider
INFO: HHH000021: Bytecode provider name : javassist
Oct 30, 2015 10:30:49 PM org.hibernate.cfg.Configuration configure
INFO: HHH000043: Configuring from resource: hibernate.cfg.xml
Oct 30, 2015 10:30:49 PM org.hibernate.cfg.Configuration getConfigurationInputStream
INFO: HHH000040: Configuration resource: hibernate.cfg.xml
Oct 30, 2015 10:30:49 PM org.hibernate.internal.util.xml.DTDEntityResolver resolveEntity
WARN: HHH000223: Recognized obsolete hibernate namespace http://hibernate.sourceforge.net/. Use namespace http://www.hibernate.org/dtd/ instead. Refer to Hibernate 3.6 Migration Guide!
Oct 30, 2015 10:30:49 PM org.hibernate.cfg.Configuration doConfigure
INFO: HHH000041: Configured SessionFactory: null
Oct 30, 2015 10:30:50 PM org.hibernate.engine.jdbc.connections.internal.DriverManagerConnectionProviderImpl configure
WARN: HHH000402: Using Hibernate built-in connection pool (not for production use!)
Oct 30, 2015 10:30:50 PM org.hibernate.engine.jdbc.connections.internal.DriverManagerConnectionProviderImpl buildCreator
INFO: HHH000401: using driver [org.h2.Driver] at URL [jdbc:h2:mem:db1;DB_CLOSE_DELAY=-1;MVCC=TRUE]
Oct 30, 2015 10:30:50 PM org.hibernate.engine.jdbc.connections.internal.DriverManagerConnectionProviderImpl buildCreator
INFO: HHH000046: Connection properties: {user=sa, password=****}
Oct 30, 2015 10:30:50 PM org.hibernate.engine.jdbc.connections.internal.DriverManagerConnectionProviderImpl buildCreator
INFO: HHH000006: Autocommit mode: false
Oct 30, 2015 10:30:50 PM org.hibernate.engine.jdbc.connections.internal.DriverManagerConnectionProviderImpl configure
INFO: HHH000115: Hibernate connection pool size: 1 (min=1)
Oct 30, 2015 10:30:50 PM org.hibernate.dialect.Dialect &lt;init&gt;
INFO: HHH000400: Using dialect: org.hibernate.dialect.H2Dialect
Oct 30, 2015 10:30:51 PM org.hibernate.engine.transaction.internal.TransactionFactoryInitiator initiateService
INFO: HHH000399: Using default transaction strategy (direct JDBC transactions)
Oct 30, 2015 10:30:51 PM org.hibernate.hql.internal.ast.ASTQueryTranslatorFactory &lt;init&gt;
INFO: HHH000397: Using ASTQueryTranslatorFactory
Oct 30, 2015 10:30:51 PM org.hibernate.tool.hbm2ddl.SchemaUpdate execute
INFO: HHH000228: Running hbm2ddl schema update
Oct 30, 2015 10:30:51 PM org.hibernate.tool.hbm2ddl.SchemaUpdate execute
INFO: HHH000102: Fetching database metadata
Oct 30, 2015 10:30:51 PM org.hibernate.tool.hbm2ddl.SchemaUpdate execute
INFO: HHH000396: Updating schema
Oct 30, 2015 10:30:51 PM org.hibernate.tool.hbm2ddl.DatabaseMetadata getTableMetadata
INFO: HHH000262: Table not found: Drive
Oct 30, 2015 10:30:51 PM org.hibernate.tool.hbm2ddl.DatabaseMetadata getTableMetadata
INFO: HHH000262: Table not found: Employee
Oct 30, 2015 10:30:51 PM org.hibernate.tool.hbm2ddl.DatabaseMetadata getTableMetadata
INFO: HHH000262: Table not found: serviceCheck
Oct 30, 2015 10:30:51 PM org.hibernate.tool.hbm2ddl.DatabaseMetadata getTableMetadata
INFO: HHH000262: Table not found: vehicle
Oct 30, 2015 10:30:51 PM org.hibernate.tool.hbm2ddl.DatabaseMetadata getTableMetadata
INFO: HHH000262: Table not found: Drive
Oct 30, 2015 10:30:51 PM org.hibernate.tool.hbm2ddl.DatabaseMetadata getTableMetadata
INFO: HHH000262: Table not found: Employee
Oct 30, 2015 10:30:51 PM org.hibernate.tool.hbm2ddl.DatabaseMetadata getTableMetadata
INFO: HHH000262: Table not found: serviceCheck
Oct 30, 2015 10:30:51 PM org.hibernate.tool.hbm2ddl.DatabaseMetadata getTableMetadata
INFO: HHH000262: Table not found: vehicle
Oct 30, 2015 10:30:51 PM org.hibernate.tool.hbm2ddl.DatabaseMetadata getTableMetadata
INFO: HHH000262: Table not found: Drive
Oct 30, 2015 10:30:51 PM org.hibernate.tool.hbm2ddl.DatabaseMetadata getTableMetadata
INFO: HHH000262: Table not found: Employee
Oct 30, 2015 10:30:51 PM org.hibernate.tool.hbm2ddl.DatabaseMetadata getTableMetadata
INFO: HHH000262: Table not found: serviceCheck
Oct 30, 2015 10:30:51 PM org.hibernate.tool.hbm2ddl.DatabaseMetadata getTableMetadata
INFO: HHH000262: Table not found: vehicle
Oct 30, 2015 10:30:51 PM org.hibernate.tool.hbm2ddl.SchemaUpdate execute
INFO: HHH000232: Schema update complete
Oct 30, 2015 10:30:52 PM org.hibernate.engine.jdbc.spi.SqlExceptionHelper logExceptions
WARN: SQL Error: 23506, SQLState: 23506
Oct 30, 2015 10:30:52 PM org.hibernate.engine.jdbc.spi.SqlExceptionHelper logExceptions
ERROR: Referential integrity constraint violation: &quot;FK_OWWY85BVXT5QJTV6YV86GGXFX: PUBLIC.DRIVE FOREIGN KEY(VEHICLE_VIN) REFERENCES PUBLIC.VEHICLE(VIN) (&apos;REWGF69849SADF&apos;)&quot;; SQL statement:
update Drive set employee_id=?, end_date=?, km=?, start_date=?, state=?, vehicle_vin=? where id=? [23506-189]
Oct 30, 2015 10:30:52 PM org.hibernate.engine.jdbc.batch.internal.AbstractBatchImpl release
INFO: HHH000010: On release of batch it still contained JDBC statements
</system-err>
  </testcase>
  <testcase classname="cz.muni.fi.pa165.project.DriveTest" name="deleteDrive" time="0">
    <failure message="nested transactions not supported" type="org.hibernate.TransactionException">org.hibernate.TransactionException: nested transactions not supported
	at org.hibernate.engine.transaction.spi.AbstractTransactionImpl.begin(AbstractTransactionImpl.java:154)
	at cz.muni.fi.pa165.project.dao.EmployeeDaoImpl.create(EmployeeDaoImpl.java:19)
	at cz.muni.fi.pa165.project.DriveTest.deleteDrive(DriveTest.java:295)
</failure>
  </testcase>
  <testcase classname="cz.muni.fi.pa165.project.DriveTest" name="getAllDrives" time="0.001">
    <failure message="org.hibernate.TransactionException: nested transactions not supported" type="cz.muni.fi.pa165.project.util.HibernateErrorException">cz.muni.fi.pa165.project.util.HibernateErrorException: org.hibernate.TransactionException: nested transactions not supported
	at cz.muni.fi.pa165.project.dao.DriveDaoImpl.getAllDrives(DriveDaoImpl.java:33)
	at cz.muni.fi.pa165.project.DriveTest.getAllDrives(DriveTest.java:83)
Caused by: org.hibernate.TransactionException: nested transactions not supported
	at org.hibernate.engine.transaction.spi.AbstractTransactionImpl.begin(AbstractTransactionImpl.java:154)
	at cz.muni.fi.pa165.project.dao.DriveDaoImpl.getAllDrives(DriveDaoImpl.java:25)
	... 35 more
</failure>
  </testcase>
  <testcase classname="cz.muni.fi.pa165.project.DriveTest" name="getDriveByEmployee" time="0">
    <failure message="nested transactions not supported" type="org.hibernate.TransactionException">org.hibernate.TransactionException: nested transactions not supported
	at org.hibernate.engine.transaction.spi.AbstractTransactionImpl.begin(AbstractTransactionImpl.java:154)
	at cz.muni.fi.pa165.project.dao.EmployeeDaoImpl.create(EmployeeDaoImpl.java:19)
	at cz.muni.fi.pa165.project.DriveTest.getDriveByEmployee(DriveTest.java:149)
</failure>
  </testcase>
  <testcase classname="cz.muni.fi.pa165.project.DriveTest" name="getDriveById" time="0">
    <failure message="nested transactions not supported" type="org.hibernate.TransactionException">org.hibernate.TransactionException: nested transactions not supported
	at org.hibernate.engine.transaction.spi.AbstractTransactionImpl.begin(AbstractTransactionImpl.java:154)
	at cz.muni.fi.pa165.project.dao.EmployeeDaoImpl.create(EmployeeDaoImpl.java:19)
	at cz.muni.fi.pa165.project.DriveTest.getDriveById(DriveTest.java:120)
</failure>
  </testcase>
  <testcase classname="cz.muni.fi.pa165.project.DriveTest" name="getDriveByVehicle" time="0">
    <failure message="nested transactions not supported" type="org.hibernate.TransactionException">org.hibernate.TransactionException: nested transactions not supported
	at org.hibernate.engine.transaction.spi.AbstractTransactionImpl.begin(AbstractTransactionImpl.java:154)
	at cz.muni.fi.pa165.project.dao.EmployeeDaoImpl.create(EmployeeDaoImpl.java:19)
	at cz.muni.fi.pa165.project.DriveTest.getDriveByVehicle(DriveTest.java:184)
</failure>
  </testcase>
  <testcase classname="cz.muni.fi.pa165.project.DriveTest" name="updateDrive" time="0">
    <failure message="nested transactions not supported" type="org.hibernate.TransactionException">org.hibernate.TransactionException: nested transactions not supported
	at org.hibernate.engine.transaction.spi.AbstractTransactionImpl.begin(AbstractTransactionImpl.java:154)
	at cz.muni.fi.pa165.project.dao.EmployeeDaoImpl.create(EmployeeDaoImpl.java:19)
	at cz.muni.fi.pa165.project.DriveTest.updateDrive(DriveTest.java:216)
</failure>
  </testcase>
  <testcase classname="cz.muni.fi.pa165.project.EmployeeTest" name="employeeCreateTest" time="0">
    <failure message="nested transactions not supported" type="org.hibernate.TransactionException">org.hibernate.TransactionException: nested transactions not supported
	at org.hibernate.engine.transaction.spi.AbstractTransactionImpl.begin(AbstractTransactionImpl.java:154)
	at cz.muni.fi.pa165.project.EmployeeTest.employeeCreateTest(EmployeeTest.java:53)
</failure>
  </testcase>
  <testcase classname="cz.muni.fi.pa165.project.ServiceCheckTest" name="ServiceCheckInsertTest" time="0">
    <failure message="nested transactions not supported" type="org.hibernate.TransactionException">org.hibernate.TransactionException: nested transactions not supported
	at org.hibernate.engine.transaction.spi.AbstractTransactionImpl.begin(AbstractTransactionImpl.java:154)
	at cz.muni.fi.pa165.project.dao.VehicleDaoImpl.insert(VehicleDaoImpl.java:74)
	at cz.muni.fi.pa165.project.ServiceCheckTest.ServiceCheckInsertTest(ServiceCheckTest.java:59)
</failure>
  </testcase>
  <testcase classname="cz.muni.fi.pa165.project.EmployeeTest" name="employeeFindTest" time="0">
    <failure message="nested transactions not supported" type="org.hibernate.TransactionException">org.hibernate.TransactionException: nested transactions not supported
	at org.hibernate.engine.transaction.spi.AbstractTransactionImpl.begin(AbstractTransactionImpl.java:154)
	at cz.muni.fi.pa165.project.dao.EmployeeDaoImpl.findAll(EmployeeDaoImpl.java:30)
	at cz.muni.fi.pa165.project.EmployeeTest.employeeFindTest(EmployeeTest.java:80)
</failure>
  </testcase>
  <testcase classname="cz.muni.fi.pa165.project.ServiceCheckTest" name="findAllVehiclesAndServiceChecks" time="0">
    <failure message="nested transactions not supported" type="org.hibernate.TransactionException">org.hibernate.TransactionException: nested transactions not supported
	at org.hibernate.engine.transaction.spi.AbstractTransactionImpl.begin(AbstractTransactionImpl.java:154)
	at cz.muni.fi.pa165.project.dao.VehicleDaoImpl.findAll(VehicleDaoImpl.java:18)
	at cz.muni.fi.pa165.project.ServiceCheckTest.findAllVehiclesAndServiceChecks(ServiceCheckTest.java:108)
</failure>
  </testcase>
  <testcase classname="cz.muni.fi.pa165.project.EmployeeTest" name="employeeUpdateTest" time="0">
    <failure message="nested transactions not supported" type="org.hibernate.TransactionException">org.hibernate.TransactionException: nested transactions not supported
	at org.hibernate.engine.transaction.spi.AbstractTransactionImpl.begin(AbstractTransactionImpl.java:154)
	at cz.muni.fi.pa165.project.dao.EmployeeDaoImpl.update(EmployeeDaoImpl.java:54)
	at cz.muni.fi.pa165.project.EmployeeTest.employeeUpdateTest(EmployeeTest.java:101)
</failure>
  </testcase>
  <testcase classname="cz.muni.fi.pa165.project.ServiceCheckTest" name="ServiceCheckUpdateTest" time="0">
    <failure message="nested transactions not supported" type="org.hibernate.TransactionException">org.hibernate.TransactionException: nested transactions not supported
	at org.hibernate.engine.transaction.spi.AbstractTransactionImpl.begin(AbstractTransactionImpl.java:154)
	at cz.muni.fi.pa165.project.ServiceCheckTest.ServiceCheckUpdateTest(ServiceCheckTest.java:141)
</failure>
  </testcase>
  <testcase classname="cz.muni.fi.pa165.project.EmployeeTest" name="employeeDeleteTest" time="0.013">
    <failure message="nested transactions not supported" type="org.hibernate.TransactionException">org.hibernate.TransactionException: nested transactions not supported
	at org.hibernate.engine.transaction.spi.AbstractTransactionImpl.begin(AbstractTransactionImpl.java:154)
	at cz.muni.fi.pa165.project.EmployeeTest.employeeDeleteTest(EmployeeTest.java:121)
</failure>
  </testcase>
  <testcase classname="cz.muni.fi.pa165.project.ServiceCheckTest" name="ServiceCheckDeleteTest" time="0">
    <failure message="nested transactions not supported" type="org.hibernate.TransactionException">org.hibernate.TransactionException: nested transactions not supported
	at org.hibernate.engine.transaction.spi.AbstractTransactionImpl.begin(AbstractTransactionImpl.java:154)
	at cz.muni.fi.pa165.project.ServiceCheckTest.ServiceCheckDeleteTest(ServiceCheckTest.java:169)
</failure>
  </testcase>
  <testcase classname="cz.muni.fi.pa165.project.ServiceCheckTest" name="testDoubleDeletionException" time="0"/>
  <testcase classname="cz.muni.fi.pa165.project.ServiceCheckTest" name="testUpdateAfterDelete" time="0.001"/>
</testsuite>