<?xml version="1.0" encoding="UTF-8"?>
<!-- Generated by org.testng.reporters.JUnitReportReporter -->
<testsuite hostname="jakub-Satellite-L630" name="cz.muni.fi.pa165.project.AppTest" tests="1" failures="0" timestamp="29 Oct 2015 22:56:46 GMT" time="0.004" errors="0">
  <testcase name="testApp" time="0.004" classname="cz.muni.fi.pa165.project.AppTest"/>
</testsuite> <!-- cz.muni.fi.pa165.project.AppTest -->
