<?xml version="1.0" encoding="UTF-8"?>
<!-- Generated by org.testng.reporters.JUnitReportReporter -->
<testsuite hostname="jakub-Satellite-L630" name="cz.muni.fi.pa165.project.EmployeeTest" tests="4" failures="0" timestamp="30 Oct 2015 22:45:56 GMT" time="2.731" errors="0">
  <testcase name="employeeDeleteTest" time="0.027" classname="cz.muni.fi.pa165.project.EmployeeTest"/>
  <testcase name="employeeFindTest" time="0.042" classname="cz.muni.fi.pa165.project.EmployeeTest"/>
  <testcase name="employeeUpdateTest" time="0.037" classname="cz.muni.fi.pa165.project.EmployeeTest"/>
  <testcase name="employeeCreateTest" time="2.625" classname="cz.muni.fi.pa165.project.EmployeeTest"/>
</testsuite> <!-- cz.muni.fi.pa165.project.EmployeeTest -->
