<?xml version="1.0" encoding="UTF-8"?>
<!-- Generated by org.testng.reporters.JUnitReportReporter -->
<testsuite hostname="NeWeS" name="cz.muni.fi.pa165.project.ServiceCheckTest" tests="4" failures="0" timestamp="30 Oct 2015 13:40:04 GMT" time="0.047" errors="0">
  <testcase name="ServiceCheckUpdateTest" time="0.015" classname="cz.muni.fi.pa165.project.ServiceCheckTest"/>
  <testcase name="ServiceCheckDeleteTest" time="0.000" classname="cz.muni.fi.pa165.project.ServiceCheckTest"/>
  <testcase name="ServiceCheckInsertTest" time="0.016" classname="cz.muni.fi.pa165.project.ServiceCheckTest"/>
  <testcase name="findVehiclesAndServiceChecks" time="0.016" classname="cz.muni.fi.pa165.project.ServiceCheckTest"/>
</testsuite> <!-- cz.muni.fi.pa165.project.ServiceCheckTest -->
