<?xml version="1.0" encoding="UTF-8"?>
<!-- Generated by org.testng.reporters.JUnitReportReporter -->
<testsuite hostname="jakub-Satellite-L630" name="cz.muni.fi.pa165.project.ServiceCheckTest" tests="6" failures="0" timestamp="30 Oct 2015 15:47:07 GMT" time="0.245" errors="0">
  <testcase name="ServiceCheckUpdateTest" time="0.051" classname="cz.muni.fi.pa165.project.ServiceCheckTest"/>
  <testcase name="testDoubleDeletionException" time="0.019" classname="cz.muni.fi.pa165.project.ServiceCheckTest"/>
  <testcase name="testUpdateAfterDelete" time="0.001" classname="cz.muni.fi.pa165.project.ServiceCheckTest"/>
  <testcase name="ServiceCheckDeleteTest" time="0.034" classname="cz.muni.fi.pa165.project.ServiceCheckTest"/>
  <testcase name="findAllVehiclesAndServiceChecks" time="0.097" classname="cz.muni.fi.pa165.project.ServiceCheckTest"/>
  <testcase name="ServiceCheckInsertTest" time="0.043" classname="cz.muni.fi.pa165.project.ServiceCheckTest"/>
</testsuite> <!-- cz.muni.fi.pa165.project.ServiceCheckTest -->
