<?xml version="1.0" encoding="UTF-8"?>
<!-- Generated by org.testng.reporters.JUnitReportReporter -->
<testsuite hostname="jakub-Satellite-L630" name="cz.muni.fi.pa165.project.ServiceCheckTest" tests="6" failures="0" timestamp="30 Oct 2015 22:25:25 GMT" time="0.231" errors="0">
  <testcase name="testUpdateAfterDelete" time="0.001" classname="cz.muni.fi.pa165.project.ServiceCheckTest"/>
  <testcase name="ServiceCheckDeleteTest" time="0.046" classname="cz.muni.fi.pa165.project.ServiceCheckTest"/>
  <testcase name="testDoubleDeletionException" time="0.024" classname="cz.muni.fi.pa165.project.ServiceCheckTest"/>
  <testcase name="ServiceCheckUpdateTest" time="0.047" classname="cz.muni.fi.pa165.project.ServiceCheckTest"/>
  <testcase name="ServiceCheckInsertTest" time="0.035" classname="cz.muni.fi.pa165.project.ServiceCheckTest"/>
  <testcase name="findAllVehiclesAndServiceChecks" time="0.078" classname="cz.muni.fi.pa165.project.ServiceCheckTest"/>
</testsuite> <!-- cz.muni.fi.pa165.project.ServiceCheckTest -->
