<?xml version="1.0" encoding="UTF-8"?>
<!-- Generated by org.testng.reporters.JUnitReportReporter -->
<testsuite hostname="NeWeS" name="cz.muni.fi.pa165.project.EmployeeTest" tests="4" failures="0" timestamp="30 Oct 2015 17:15:27 GMT" time="0.998" errors="0">
  <testcase name="employeeCreateTest" time="0.983" classname="cz.muni.fi.pa165.project.EmployeeTest"/>
  <testcase name="employeeFindTest" time="0.000" classname="cz.muni.fi.pa165.project.EmployeeTest"/>
  <testcase name="employeeDeleteTest" time="0.015" classname="cz.muni.fi.pa165.project.EmployeeTest"/>
  <testcase name="employeeUpdateTest" time="0.000" classname="cz.muni.fi.pa165.project.EmployeeTest"/>
</testsuite> <!-- cz.muni.fi.pa165.project.EmployeeTest -->
