<?xml version="1.0" encoding="UTF-8"?>
<!-- Generated by org.testng.reporters.JUnitReportReporter -->
<testsuite hostname="NeWeS" name="cz.muni.fi.pa165.project.ServiceCheckTest" tests="6" failures="0" timestamp="30 Oct 2015 17:15:27 GMT" time="0.063" errors="0">
  <testcase name="ServiceCheckInsertTest" time="0.031" classname="cz.muni.fi.pa165.project.ServiceCheckTest"/>
  <testcase name="ServiceCheckDeleteTest" time="0.000" classname="cz.muni.fi.pa165.project.ServiceCheckTest"/>
  <testcase name="ServiceCheckUpdateTest" time="0.000" classname="cz.muni.fi.pa165.project.ServiceCheckTest"/>
  <testcase name="testDoubleDeletionException" time="0.000" classname="cz.muni.fi.pa165.project.ServiceCheckTest"/>
  <testcase name="testUpdateAfterDelete" time="0.000" classname="cz.muni.fi.pa165.project.ServiceCheckTest"/>
  <testcase name="findAllVehiclesAndServiceChecks" time="0.032" classname="cz.muni.fi.pa165.project.ServiceCheckTest"/>
</testsuite> <!-- cz.muni.fi.pa165.project.ServiceCheckTest -->
