<?xml version="1.0" encoding="UTF-8"?>
<!-- Generated by org.testng.reporters.JUnitReportReporter -->
<testsuite hostname="jakub-Satellite-L630" name="cz.muni.fi.pa165.project.EmployeeTest" tests="4" failures="0" timestamp="30 Oct 2015 14:36:28 GMT" time="2.135" errors="0">
  <testcase name="employeeUpdateTest" time="0.048" classname="cz.muni.fi.pa165.project.EmployeeTest"/>
  <testcase name="employeeDeleteTest" time="0.027" classname="cz.muni.fi.pa165.project.EmployeeTest"/>
  <testcase name="employeeFindTest" time="0.025" classname="cz.muni.fi.pa165.project.EmployeeTest"/>
  <testcase name="employeeCreateTest" time="2.035" classname="cz.muni.fi.pa165.project.EmployeeTest"/>
</testsuite> <!-- cz.muni.fi.pa165.project.EmployeeTest -->
