<?xml version="1.0" encoding="UTF-8"?>
<!-- Generated by org.testng.reporters.JUnitReportReporter -->
<testsuite hostname="NeWeS" name="cz.muni.fi.pa165.project.ServiceCheckTest" tests="4" failures="0" timestamp="30 Oct 2015 14:47:37 GMT" time="0.055" errors="0">
  <testcase name="ServiceCheckInsertTest" time="0.022" classname="cz.muni.fi.pa165.project.ServiceCheckTest"/>
  <testcase name="ServiceCheckUpdateTest" time="0.007" classname="cz.muni.fi.pa165.project.ServiceCheckTest"/>
  <testcase name="ServiceCheckDeleteTest" time="0.007" classname="cz.muni.fi.pa165.project.ServiceCheckTest"/>
  <testcase name="findAllVehiclesAndServiceChecks" time="0.019" classname="cz.muni.fi.pa165.project.ServiceCheckTest"/>
</testsuite> <!-- cz.muni.fi.pa165.project.ServiceCheckTest -->
