<?xml version="1.0" encoding="UTF-8"?>
<!-- Generated by org.testng.reporters.JUnitReportReporter -->
<testsuite hostname="jakub-Satellite-L630" name="cz.muni.fi.pa165.project.ServiceCheckTest" tests="4" failures="0" timestamp="29 Oct 2015 23:58:25 GMT" time="2.443" errors="0">
  <testcase name="findVehiclesAndServiceChecks" time="0.271" classname="cz.muni.fi.pa165.project.ServiceCheckTest"/>
  <testcase name="ServiceCheckDeleteTest" time="0.036" classname="cz.muni.fi.pa165.project.ServiceCheckTest"/>
  <testcase name="ServiceCheckInsertTest" time="2.107" classname="cz.muni.fi.pa165.project.ServiceCheckTest"/>
  <testcase name="ServiceCheckUpdateTest" time="0.029" classname="cz.muni.fi.pa165.project.ServiceCheckTest"/>
</testsuite> <!-- cz.muni.fi.pa165.project.ServiceCheckTest -->
