<?xml version="1.0" encoding="UTF-8"?>
<!-- Generated by org.testng.reporters.JUnitReportReporter -->
<testsuite hostname="jakub-Satellite-L630" name="cz.muni.fi.pa165.project.EmployeeTest" tests="4" failures="0" timestamp="30 Oct 2015 15:36:05 GMT" time="2.086" errors="0">
  <testcase name="employeeUpdateTest" time="0.026" classname="cz.muni.fi.pa165.project.EmployeeTest"/>
  <testcase name="employeeCreateTest" time="2.014" classname="cz.muni.fi.pa165.project.EmployeeTest"/>
  <testcase name="employeeFindTest" time="0.031" classname="cz.muni.fi.pa165.project.EmployeeTest"/>
  <testcase name="employeeDeleteTest" time="0.015" classname="cz.muni.fi.pa165.project.EmployeeTest"/>
</testsuite> <!-- cz.muni.fi.pa165.project.EmployeeTest -->
