<?xml version="1.0" encoding="UTF-8"?>
<!-- Generated by org.testng.reporters.JUnitReportReporter -->
<testsuite hostname="jakub-Satellite-L630" name="cz.muni.fi.pa165.project.ServiceCheckTest" tests="4" failures="0" timestamp="30 Oct 2015 14:36:28 GMT" time="0.177" errors="0">
  <testcase name="ServiceCheckInsertTest" time="0.039" classname="cz.muni.fi.pa165.project.ServiceCheckTest"/>
  <testcase name="findAllVehiclesAndServiceChecks" time="0.058" classname="cz.muni.fi.pa165.project.ServiceCheckTest"/>
  <testcase name="ServiceCheckDeleteTest" time="0.033" classname="cz.muni.fi.pa165.project.ServiceCheckTest"/>
  <testcase name="ServiceCheckUpdateTest" time="0.047" classname="cz.muni.fi.pa165.project.ServiceCheckTest"/>
</testsuite> <!-- cz.muni.fi.pa165.project.ServiceCheckTest -->
